D:\repo\advent2020\19>python3 b.py
lit14b bbabbbbaabaabba 1
lit1a babbbbaabaabba 0
seq27 babbbbaabaabba  - early out
lit14b babbbbaabaabba 1
lit1a abbbbaabaabba 1
seq15 abbbbaabaabba 1
lit14b abbbbaabaabba 0
seq15 abbbbaabaabba  - early out
or15 abbbbaabaabba 1
lit1a bbbbaabaabba 0
seq15 bbbbaabaabba  - early out
lit14b bbbbaabaabba 1
seq15 bbbbaabaabba 1
or15 bbbbaabaabba 1
seq18 abbbbaabaabba 2
seq27 babbbbaabaabba 3
or27 babbbbaabaabba 3
seq9 bbabbbbaabaabba 4
lit1a bbabbbbaabaabba 0
seq9 bbabbbbaabaabba  - early out
or9 bbabbbbaabaabba 4
lit14b bbbaabaabba 1
seq42 bbabbbbaabaabba 5
lit1a bbabbbbaabaabba 0
seq25 bbabbbbaabaabba  - early out
lit1a bbabbbbaabaabba 0
seq25 bbabbbbaabaabba  - early out
or25 bbabbbbaabaabba 0
seq23 bbabbbbaabaabba  - early out
lit14b bbabbbbaabaabba 1
lit14b babbbbaabaabba 1
seq22 bbabbbbaabaabba 2
lit14b abbbbaabaabba 0
seq23 abbbbaabaabba  - early out
or23 bbabbbbaabaabba 0
seq10 bbabbbbaabaabba  - early out
lit1a bbabbbbaabaabba 0
seq15 bbabbbbaabaabba  - early out
lit14b bbabbbbaabaabba 1
seq15 bbabbbbaabaabba 1
or15 bbabbbbaabaabba 1
lit1a babbbbaabaabba 0
seq16 babbbbaabaabba  - early out
lit14b bbabbbbaabaabba 1
lit14b babbbbaabaabba 1
seq16 bbabbbbaabaabba 2
or16 bbabbbbaabaabba 2
lit1a abbbbaabaabba 1
seq28 bbabbbbaabaabba 3
lit1a bbbbaabaabba 0
seq10 bbbbaabaabba  - early out
or10 bbabbbbaabaabba 0
seq42 bbabbbbaabaabba  - early out
or42 bbabbbbaabaabba 5
seq8 bbabbbbaabaabba 5
lit14b bbabbbbaabaabba 1
lit1a babbbbaabaabba 0
seq27 babbbbaabaabba  - early out
lit14b babbbbaabaabba 1
lit1a abbbbaabaabba 1
seq15 abbbbaabaabba 1
lit14b abbbbaabaabba 0
seq15 abbbbaabaabba  - early out
or15 abbbbaabaabba 1
lit1a bbbbaabaabba 0
seq15 bbbbaabaabba  - early out
lit14b bbbbaabaabba 1
seq15 bbbbaabaabba 1
or15 bbbbaabaabba 1
seq18 abbbbaabaabba 2
seq27 babbbbaabaabba 3
or27 babbbbaabaabba 3
seq9 bbabbbbaabaabba 4
lit1a bbabbbbaabaabba 0
seq9 bbabbbbaabaabba  - early out
or9 bbabbbbaabaabba 4
lit14b bbbaabaabba 1
seq42 bbabbbbaabaabba 5
lit1a bbabbbbaabaabba 0
seq25 bbabbbbaabaabba  - early out
lit1a bbabbbbaabaabba 0
seq25 bbabbbbaabaabba  - early out
or25 bbabbbbaabaabba 0
seq23 bbabbbbaabaabba  - early out
lit14b bbabbbbaabaabba 1
lit14b babbbbaabaabba 1
seq22 bbabbbbaabaabba 2
lit14b abbbbaabaabba 0
seq23 abbbbaabaabba  - early out
or23 bbabbbbaabaabba 0
seq10 bbabbbbaabaabba  - early out
lit1a bbabbbbaabaabba 0
seq15 bbabbbbaabaabba  - early out
lit14b bbabbbbaabaabba 1
seq15 bbabbbbaabaabba 1
or15 bbabbbbaabaabba 1
lit1a babbbbaabaabba 0
seq16 babbbbaabaabba  - early out
lit14b bbabbbbaabaabba 1
lit14b babbbbaabaabba 1
seq16 bbabbbbaabaabba 2
or16 bbabbbbaabaabba 2
lit1a abbbbaabaabba 1
seq28 bbabbbbaabaabba 3
lit1a bbbbaabaabba 0
seq10 bbbbaabaabba  - early out
or10 bbabbbbaabaabba 0
seq42 bbabbbbaabaabba  - early out
or42 bbabbbbaabaabba 5
lit14b bbaabaabba 1
lit1a baabaabba 0
seq27 baabaabba  - early out
lit14b baabaabba 1
lit1a aabaabba 1
seq15 aabaabba 1
lit14b aabaabba 0
seq15 aabaabba  - early out
or15 aabaabba 1
lit1a abaabba 1
seq15 abaabba 1
lit14b abaabba 0
seq15 abaabba  - early out
or15 abaabba 1
seq18 aabaabba 2
seq27 baabaabba 3
or27 baabaabba 3
seq9 bbaabaabba 4
lit1a bbaabaabba 0
seq9 bbaabaabba  - early out
or9 bbaabaabba 4
lit14b baabba 1
seq42 bbaabaabba 5
lit1a bbaabaabba 0
seq25 bbaabaabba  - early out
lit1a bbaabaabba 0
seq25 bbaabaabba  - early out
or25 bbaabaabba 0
seq23 bbaabaabba  - early out
lit14b bbaabaabba 1
lit14b baabaabba 1
seq22 bbaabaabba 2
lit14b aabaabba 0
seq23 aabaabba  - early out
or23 bbaabaabba 0
seq10 bbaabaabba  - early out
lit1a bbaabaabba 0
seq15 bbaabaabba  - early out
lit14b bbaabaabba 1
seq15 bbaabaabba 1
or15 bbaabaabba 1
lit1a baabaabba 0
seq16 baabaabba  - early out
lit14b bbaabaabba 1
lit14b baabaabba 1
seq16 bbaabaabba 2
or16 bbaabaabba 2
lit1a aabaabba 1
seq28 bbaabaabba 3
lit1a abaabba 1
seq10 bbaabaabba 4
or10 bbaabaabba 4
lit1a baabba 0
seq42 baabba  - early out
or42 bbaabaabba 5
seq8 bbaabaabba 5
lit14b bbaabaabba 1
lit1a baabaabba 0
seq27 baabaabba  - early out
lit14b baabaabba 1
lit1a aabaabba 1
seq15 aabaabba 1
lit14b aabaabba 0
seq15 aabaabba  - early out
or15 aabaabba 1
lit1a abaabba 1
seq15 abaabba 1
lit14b abaabba 0
seq15 abaabba  - early out
or15 abaabba 1
seq18 aabaabba 2
seq27 baabaabba 3
or27 baabaabba 3
seq9 bbaabaabba 4
lit1a bbaabaabba 0
seq9 bbaabaabba  - early out
or9 bbaabaabba 4
lit14b baabba 1
seq42 bbaabaabba 5
lit1a bbaabaabba 0
seq25 bbaabaabba  - early out
lit1a bbaabaabba 0
seq25 bbaabaabba  - early out
or25 bbaabaabba 0
seq23 bbaabaabba  - early out
lit14b bbaabaabba 1
lit14b baabaabba 1
seq22 bbaabaabba 2
lit14b aabaabba 0
seq23 aabaabba  - early out
or23 bbaabaabba 0
seq10 bbaabaabba  - early out
lit1a bbaabaabba 0
seq15 bbaabaabba  - early out
lit14b bbaabaabba 1
seq15 bbaabaabba 1
or15 bbaabaabba 1
lit1a baabaabba 0
seq16 baabaabba  - early out
lit14b bbaabaabba 1
lit14b baabaabba 1
seq16 bbaabaabba 2
or16 bbaabaabba 2
lit1a aabaabba 1
seq28 bbaabaabba 3
lit1a abaabba 1
seq10 bbaabaabba 4
or10 bbaabaabba 4
lit1a baabba 0
seq42 baabba  - early out
or42 bbaabaabba 5
lit14b aabba 0
seq9 aabba  - early out
lit1a aabba 1
lit14b abba 0
seq26 abba  - early out
lit1a abba 1
lit14b bba 1
lit14b ba 1
seq20 bba 2
lit1a bba 0
seq20 bba  - early out
or20 bba 2
seq26 abba 3
or26 abba 3
seq9 aabba 4
or9 aabba 4
lit14b a 0
seq42 a  - early out
lit1a aabba 1
lit1a abba 1
seq25 aabba 2
lit1a aabba 1
lit14b abba 0
seq25 abba  - early out
or25 aabba 2
lit1a bba 0
seq23 bba  - early out
lit14b aabba 0
seq22 aabba  - early out
seq23 aabba  - early out
or23 aabba 0
seq10 aabba  - early out
lit1a aabba 1
seq15 aabba 1
lit14b aabba 0
seq15 aabba  - early out
or15 aabba 1
lit1a abba 1
seq16 aabba 2
lit14b aabba 0
seq16 aabba  - early out
or16 aabba 2
lit1a bba 0
seq28 bba  - early out
seq10 aabba  - early out
or10 aabba 0
seq42 aabba  - early out
or42 aabba 0
seq8 aabba  - early out
lit14b aabba 0
seq9 aabba  - early out
lit1a aabba 1
lit14b abba 0
seq26 abba  - early out
lit1a abba 1
lit14b bba 1
lit14b ba 1
seq20 bba 2
lit1a bba 0
seq20 bba  - early out
or20 bba 2
seq26 abba 3
or26 abba 3
seq9 aabba 4
or9 aabba 4
lit14b a 0
seq42 a  - early out
lit1a aabba 1
lit1a abba 1
seq25 aabba 2
lit1a aabba 1
lit14b abba 0
seq25 abba  - early out
or25 aabba 2
lit1a bba 0
seq23 bba  - early out
lit14b aabba 0
seq22 aabba  - early out
seq23 aabba  - early out
or23 aabba 0
seq10 aabba  - early out
lit1a aabba 1
seq15 aabba 1
lit14b aabba 0
seq15 aabba  - early out
or15 aabba 1
lit1a abba 1
seq16 aabba 2
lit14b aabba 0
seq16 aabba  - early out
or16 aabba 2
lit1a bba 0
seq28 bba  - early out
seq10 aabba  - early out
or10 aabba 0
seq42 aabba  - early out
or42 aabba 0
seq8 aabba  - early out
or8 aabba 0
seq8 aabba  - early out
or8 bbaabaabba 5
seq8 bbabbbbaabaabba 10
or8 bbabbbbaabaabba 10
lit14b aabba 0
seq9 aabba  - early out
lit1a aabba 1
lit14b abba 0
seq26 abba  - early out
lit1a abba 1
lit14b bba 1
lit14b ba 1
seq20 bba 2
lit1a bba 0
seq20 bba  - early out
or20 bba 2
seq26 abba 3
or26 abba 3
seq9 aabba 4
or9 aabba 4
lit14b a 0
seq42 a  - early out
lit1a aabba 1
lit1a abba 1
seq25 aabba 2
lit1a aabba 1
lit14b abba 0
seq25 abba  - early out
or25 aabba 2
lit1a bba 0
seq23 bba  - early out
lit14b aabba 0
seq22 aabba  - early out
seq23 aabba  - early out
or23 aabba 0
seq10 aabba  - early out
lit1a aabba 1
seq15 aabba 1
lit14b aabba 0
seq15 aabba  - early out
or15 aabba 1
lit1a abba 1
seq16 aabba 2
lit14b aabba 0
seq16 aabba  - early out
or16 aabba 2
lit1a bba 0
seq28 bba  - early out
seq10 aabba  - early out
or10 aabba 0
seq42 aabba  - early out
or42 aabba 0
seq11 aabba  - early out
seq0 aabba  - early out
no match bbabbbbaabaabba
total matches 0
